<html><head><title>Test Report</title></head><body><h1>Test Run Started: 2024-09-16 17:59:40.756064</h1><h1>Test Run Ended: 2024-09-16 17:59:43.422784</h1><h2>Duration: 0:00:02.666720</h2><h2>Module: test_tests.test_fast</h2><h3>Class: FastTests</h3><p style='color: green;'>Test Passed: test_fast_pass</p><p style='color: red;'>Test Failed: test_fast_error</p><pre>(<class 'ValueError'>, ValueError('This is a deliberate error'), <traceback object at 0x100d23d80>)</pre><p style='color: red;'>Test Failed: test_fast_fail</p><pre>(<class 'AssertionError'>, AssertionError('False is not true'), <traceback object at 0x102323c40>)</pre><h2>Module: test_tests.test_medium</h2><h3>Class: MediumTests</h3><p style='color: blue;'>Test Skipped: test_medium_skip</p><pre>Reason: Skipping this test deliberately</pre><p style='color: green;'>Test Passed: test_medium_pass</p><p style='color: red;'>Test Failed: test_medium_fail</p><pre>(<class 'AssertionError'>, AssertionError('4 != 5'), <traceback object at 0x1010b3d00>)</pre><h2>Module: test_tests.test_parameterized</h2><h3>Class: SetupTeardownTests</h3><p style='color: red;'>Test Failed: test_with_setup_teardown_fail</p><pre>(<class 'AssertionError'>, AssertionError("'Test Resource' != 'Wrong Resource'\n- Test Resource\n+ Wrong Resource\n"), <traceback object at 0x105e38380>)</pre><p style='color: green;'>Test Passed: test_with_setup_teardown_pass</p><h2>Module: test_tests.test_random</h2><h3>Class: RandomTests</h3><p style='color: red;'>Test Failed: test_random_pass_or_fail_2</p><pre>(<class 'AssertionError'>, AssertionError('False is not true'), <traceback object at 0x105423880>)</pre><p style='color: red;'>Test Failed: test_random_pass_or_error</p><pre>(<class 'RuntimeError'>, RuntimeError('Random error occurred'), <traceback object at 0x102723100>)</pre><p style='color: green;'>Test Passed: test_random_pass_or_fail_1</p><h2>Module: test_tests.test_setup_teardown</h2><h3>Class: SetupTeardownTests</h3><p style='color: red;'>Test Failed: test_with_setup_teardown_fail</p><pre>(<class 'AssertionError'>, AssertionError("'Test Resource' != 'Wrong Resource'\n- Test Resource\n+ Wrong Resource\n"), <traceback object at 0x105b3c240>)</pre><p style='color: green;'>Test Passed: test_with_setup_teardown_pass</p><h2>Module: test_tests.test_slow</h2><h3>Class: SlowTests</h3><p style='color: red;'>Test Failed: test_slow_error</p><pre>(<class 'ZeroDivisionError'>, ZeroDivisionError('division by zero'), <traceback object at 0x103ae3e80>)</pre><p style='color: green;'>Test Passed: test_slow_pass</p><p style='color: red;'>Test Failed: test_slow_fail</p><pre>(<class 'AssertionError'>, AssertionError('5 not found in [1, 2, 3, 4]'), <traceback object at 0x100d38d80>)</pre></body></html>